{"uuid":"16f1e680-e5e0-4eed-af68-b6fc2346c826","historyId":"be31b9413944f8bbfe3a3344474fc0f5","fullName":"LerObra: Quero Ler o primeiro capitulo","labels":[{"name":"host","value":"DESKTOP-CP284FU"},{"name":"thread","value":"26492@DESKTOP-CP284FU.main(1)"},{"name":"feature","value":"LerObra"},{"name":"story","value":"Quero Ler o primeiro capitulo"},{"name":"suite","value":"LerObra"},{"name":"testClass","value":"Quero Ler o primeiro capitulo"},{"name":"framework","value":"cucumber4jvm"},{"name":"language","value":"java"},{"name":"gherkin_uri","value":"file:///C:/Users/paulo/OneDrive/Automation/ProvaBaseDois/prova/src/test/resources/features/LerObra.feature"},{"name":"package","value":"src.test.resources.features.LerObra_feature.LerObra"}],"links":[],"name":"Quero Ler o primeiro capitulo","status":"failed","statusDetails":{"known":false,"muted":false,"flaky":false,"message":"Não foi possível localizar o texto:'Cap-1' no elemento, erro: Expected condition failed: waiting for text ('Cap-1') to be present in element found by By.xpath: /html/body/div/div/div/main/div[2]/div[1]/div[2]/div[1]/div/div/div[1]/button (tried for 20 second(s) with 500 milliseconds interval)","trace":"java.lang.AssertionError: Não foi possível localizar o texto:'Cap-1' no elemento, erro: Expected condition failed: waiting for text ('Cap-1') to be present in element found by By.xpath: /html/body/div/div/div/main/div[2]/div[1]/div[2]/div[1]/div/div/div[1]/button (tried for 20 second(s) with 500 milliseconds interval)\r\n\tat org.junit.Assert.fail(Assert.java:89)\r\n\tat com.utils.SeleniumUtils.mensagemDeFalhaStep(SeleniumUtils.java:137)\r\n\tat com.utils.SeleniumUtils.encontrarTextoElemento(SeleniumUtils.java:57)\r\n\tat com.page.ObraPage.verificaQualCapituloEstou(ObraPage.java:44)\r\n\tat stepDefinitions.LerObraSteps.acesso_o_primeiro_capitulo_da_obra(LerObraSteps.java:29)\r\n\tat ✽.Acesso o primeiro capitulo da obra(file:///C:/Users/paulo/OneDrive/Automation/ProvaBaseDois/prova/src/test/resources/features/LerObra.feature:6)\r\n"},"stage":"finished","steps":[{"name":"Given  Que estou na pagina da obra \"O rei dos cavaleiros que Retorna com um Deus\"","status":"passed","statusDetails":{"known":false,"muted":false,"flaky":false},"stage":"finished","steps":[],"attachments":[],"parameters":[],"start":1721666941168,"stop":1721666941567},{"name":"When  clicar em iniciar leitura","status":"passed","statusDetails":{"known":false,"muted":false,"flaky":false},"stage":"finished","steps":[],"attachments":[],"parameters":[],"start":1721666941567,"stop":1721666942805},{"name":"Then  Acesso o primeiro capitulo da obra","status":"failed","statusDetails":{"known":false,"muted":false,"flaky":false,"message":"Não foi possível localizar o texto:'Cap-1' no elemento, erro: Expected condition failed: waiting for text ('Cap-1') to be present in element found by By.xpath: /html/body/div/div/div/main/div[2]/div[1]/div[2]/div[1]/div/div/div[1]/button (tried for 20 second(s) with 500 milliseconds interval)","trace":"java.lang.AssertionError: Não foi possível localizar o texto:'Cap-1' no elemento, erro: Expected condition failed: waiting for text ('Cap-1') to be present in element found by By.xpath: /html/body/div/div/div/main/div[2]/div[1]/div[2]/div[1]/div/div/div[1]/button (tried for 20 second(s) with 500 milliseconds interval)\r\n\tat org.junit.Assert.fail(Assert.java:89)\r\n\tat com.utils.SeleniumUtils.mensagemDeFalhaStep(SeleniumUtils.java:137)\r\n\tat com.utils.SeleniumUtils.encontrarTextoElemento(SeleniumUtils.java:57)\r\n\tat com.page.ObraPage.verificaQualCapituloEstou(ObraPage.java:44)\r\n\tat stepDefinitions.LerObraSteps.acesso_o_primeiro_capitulo_da_obra(LerObraSteps.java:29)\r\n\tat ✽.Acesso o primeiro capitulo da obra(file:///C:/Users/paulo/OneDrive/Automation/ProvaBaseDois/prova/src/test/resources/features/LerObra.feature:6)\r\n"},"stage":"finished","steps":[],"attachments":[],"parameters":[],"start":1721666942806,"stop":1721666963015}],"attachments":[],"parameters":[],"start":1721666933340,"stop":1721666964075}