{"uuid":"652cba5f-7f01-49c6-a692-432a2148dfe7","historyId":"2849423a6bf9f75ed63ada9cc2d6aa6","fullName":"EditarTarefa: Adicionar Comentário na tarefa","labels":[{"name":"host","value":"DESKTOP-CP284FU"},{"name":"thread","value":"17964@DESKTOP-CP284FU.main(1)"},{"name":"feature","value":"EditarTarefa"},{"name":"story","value":"Adicionar Comentário na tarefa"},{"name":"suite","value":"EditarTarefa"},{"name":"testClass","value":"Adicionar Comentário na tarefa"},{"name":"framework","value":"cucumber4jvm"},{"name":"language","value":"java"},{"name":"gherkin_uri","value":"file:///C:/Users/paulo/OneDrive/Automation/ProvaBaseDois/prova/src/test/resources/features/EditarTarefa.feature"},{"name":"package","value":"src.test.resources.features.EditarTarefa_feature.EditarTarefa"}],"links":[],"name":"Adicionar Comentário na tarefa","status":"failed","statusDetails":{"known":false,"muted":false,"flaky":false,"message":"Elemento nÃ£o encontrado dentro do tempo esperado: By.xpath: //td[@class='bugnote-note bugnote-public' and contains(.,'Bug acontece todo santo dia')], erro: org.openqa.selenium.TimeoutException: Expected condition failed: waiting for visibility of element located by By.xpath: //td[@class='bugnote-note bugnote-public' and contains(.,'Bug acontece todo santo dia')] (tried for 10 second(s) with 500 milliseconds interval)\nBuild info: version: '4.16.0', revision: '15400459dd*'\nSystem info: os.name: 'Windows 11', os.arch: 'amd64', os.version: '10.0', java.version: '17.0.10'\nDriver info: org.openqa.selenium.chrome.ChromeDriver\nCapabilities {acceptInsecureCerts: false, browserName: chrome, browserVersion: 126.0.6478.127, chrome: {chromedriverVersion: 126.0.6478.126 (d36ace6122e..., userDataDir: C:\\Users\\paulo\\AppData\\Loca...}, fedcm:accounts: true, goog:chromeOptions: {debuggerAddress: localhost:55217}, networkConnectionEnabled: false, pageLoadStrategy: normal, platformName: windows, proxy: Proxy(), se:cdp: ws://localhost:55217/devtoo..., se:cdpVersion: 126.0.6478.127, setWindowRect: true, strictFileInteractability: false, timeouts: {implicit: 0, pageLoad: 300000, script: 30000}, unhandledPromptBehavior: dismiss and notify, webauthn:extension:credBlob: true, webauthn:extension:largeBlob: true, webauthn:extension:minPinLength: true, webauthn:extension:prf: true, webauthn:virtualAuthenticators: true}\nSession ID: 21c17cca349b5d0f7ecd4520df937af2","trace":"java.lang.AssertionError: Elemento nÃ£o encontrado dentro do tempo esperado: By.xpath: //td[@class='bugnote-note bugnote-public' and contains(.,'Bug acontece todo santo dia')], erro: org.openqa.selenium.TimeoutException: Expected condition failed: waiting for visibility of element located by By.xpath: //td[@class='bugnote-note bugnote-public' and contains(.,'Bug acontece todo santo dia')] (tried for 10 second(s) with 500 milliseconds interval)\nBuild info: version: '4.16.0', revision: '15400459dd*'\nSystem info: os.name: 'Windows 11', os.arch: 'amd64', os.version: '10.0', java.version: '17.0.10'\nDriver info: org.openqa.selenium.chrome.ChromeDriver\nCapabilities {acceptInsecureCerts: false, browserName: chrome, browserVersion: 126.0.6478.127, chrome: {chromedriverVersion: 126.0.6478.126 (d36ace6122e..., userDataDir: C:\\Users\\paulo\\AppData\\Loca...}, fedcm:accounts: true, goog:chromeOptions: {debuggerAddress: localhost:55217}, networkConnectionEnabled: false, pageLoadStrategy: normal, platformName: windows, proxy: Proxy(), se:cdp: ws://localhost:55217/devtoo..., se:cdpVersion: 126.0.6478.127, setWindowRect: true, strictFileInteractability: false, timeouts: {implicit: 0, pageLoad: 300000, script: 30000}, unhandledPromptBehavior: dismiss and notify, webauthn:extension:credBlob: true, webauthn:extension:largeBlob: true, webauthn:extension:minPinLength: true, webauthn:extension:prf: true, webauthn:virtualAuthenticators: true}\nSession ID: 21c17cca349b5d0f7ecd4520df937af2\r\n\tat org.junit.Assert.fail(Assert.java:89)\r\n\tat com.base2.utils.SeleniumUtils.esperarElementoVisivel(SeleniumUtils.java:30)\r\n\tat com.base2.page.VerTarefaPage.verificarComentarioExiste(VerTarefaPage.java:57)\r\n\tat stepDefinitions.EditarTarefaSteps.a_tarefa_salva_a_anotacao(EditarTarefaSteps.java:69)\r\n\tat ✽.a tarefa salva a anotacao \"Bug acontece todo santo dia\"(file:///C:/Users/paulo/OneDrive/Automation/ProvaBaseDois/prova/src/test/resources/features/EditarTarefa.feature:9)\r\n"},"stage":"finished","steps":[{"name":"Given  que estou na tela de Ver Tarefa","status":"passed","statusDetails":{"known":false,"muted":false,"flaky":false},"stage":"finished","steps":[],"attachments":[{"name":"Screenshot","source":"e994c4a5-5a47-40d9-b5ca-14c87c31c273-attachment"},{"name":"Screenshot","source":"5ae739ba-8e23-40fa-9118-c718df4e23fd-attachment"},{"name":"Screenshot","source":"d13c5bdf-58ff-4cd1-aa3b-22659c5c4738-attachment"},{"name":"Screenshot","source":"f952d16b-fa6b-4335-971d-cfdf073208b5-attachment"}],"parameters":[],"start":1720797758065,"stop":1720797778061},{"name":"When  clicar no codigo da Tarefa","status":"passed","statusDetails":{"known":false,"muted":false,"flaky":false},"stage":"finished","steps":[],"attachments":[],"parameters":[],"start":1720797778061,"stop":1720797778377},{"name":"And  preencho uma anotacao \"Bug acontece todo santo dia\"","status":"passed","statusDetails":{"known":false,"muted":false,"flaky":false},"stage":"finished","steps":[],"attachments":[],"parameters":[],"start":1720797778377,"stop":1720797778476},{"name":"And  adiciono um arquivo","status":"passed","statusDetails":{"known":false,"muted":false,"flaky":false},"stage":"finished","steps":[],"attachments":[],"parameters":[],"start":1720797778476,"stop":1720797778499},{"name":"And  clico no botao de Adicionar Anotacao","status":"passed","statusDetails":{"known":false,"muted":false,"flaky":false},"stage":"finished","steps":[],"attachments":[],"parameters":[],"start":1720797778499,"stop":1720797778602},{"name":"Then  a tarefa salva a anotacao \"Bug acontece todo santo dia\"","status":"failed","statusDetails":{"known":false,"muted":false,"flaky":false,"message":"Elemento nÃ£o encontrado dentro do tempo esperado: By.xpath: //td[@class='bugnote-note bugnote-public' and contains(.,'Bug acontece todo santo dia')], erro: org.openqa.selenium.TimeoutException: Expected condition failed: waiting for visibility of element located by By.xpath: //td[@class='bugnote-note bugnote-public' and contains(.,'Bug acontece todo santo dia')] (tried for 10 second(s) with 500 milliseconds interval)\nBuild info: version: '4.16.0', revision: '15400459dd*'\nSystem info: os.name: 'Windows 11', os.arch: 'amd64', os.version: '10.0', java.version: '17.0.10'\nDriver info: org.openqa.selenium.chrome.ChromeDriver\nCapabilities {acceptInsecureCerts: false, browserName: chrome, browserVersion: 126.0.6478.127, chrome: {chromedriverVersion: 126.0.6478.126 (d36ace6122e..., userDataDir: C:\\Users\\paulo\\AppData\\Loca...}, fedcm:accounts: true, goog:chromeOptions: {debuggerAddress: localhost:55217}, networkConnectionEnabled: false, pageLoadStrategy: normal, platformName: windows, proxy: Proxy(), se:cdp: ws://localhost:55217/devtoo..., se:cdpVersion: 126.0.6478.127, setWindowRect: true, strictFileInteractability: false, timeouts: {implicit: 0, pageLoad: 300000, script: 30000}, unhandledPromptBehavior: dismiss and notify, webauthn:extension:credBlob: true, webauthn:extension:largeBlob: true, webauthn:extension:minPinLength: true, webauthn:extension:prf: true, webauthn:virtualAuthenticators: true}\nSession ID: 21c17cca349b5d0f7ecd4520df937af2","trace":"java.lang.AssertionError: Elemento nÃ£o encontrado dentro do tempo esperado: By.xpath: //td[@class='bugnote-note bugnote-public' and contains(.,'Bug acontece todo santo dia')], erro: org.openqa.selenium.TimeoutException: Expected condition failed: waiting for visibility of element located by By.xpath: //td[@class='bugnote-note bugnote-public' and contains(.,'Bug acontece todo santo dia')] (tried for 10 second(s) with 500 milliseconds interval)\nBuild info: version: '4.16.0', revision: '15400459dd*'\nSystem info: os.name: 'Windows 11', os.arch: 'amd64', os.version: '10.0', java.version: '17.0.10'\nDriver info: org.openqa.selenium.chrome.ChromeDriver\nCapabilities {acceptInsecureCerts: false, browserName: chrome, browserVersion: 126.0.6478.127, chrome: {chromedriverVersion: 126.0.6478.126 (d36ace6122e..., userDataDir: C:\\Users\\paulo\\AppData\\Loca...}, fedcm:accounts: true, goog:chromeOptions: {debuggerAddress: localhost:55217}, networkConnectionEnabled: false, pageLoadStrategy: normal, platformName: windows, proxy: Proxy(), se:cdp: ws://localhost:55217/devtoo..., se:cdpVersion: 126.0.6478.127, setWindowRect: true, strictFileInteractability: false, timeouts: {implicit: 0, pageLoad: 300000, script: 30000}, unhandledPromptBehavior: dismiss and notify, webauthn:extension:credBlob: true, webauthn:extension:largeBlob: true, webauthn:extension:minPinLength: true, webauthn:extension:prf: true, webauthn:virtualAuthenticators: true}\nSession ID: 21c17cca349b5d0f7ecd4520df937af2\r\n\tat org.junit.Assert.fail(Assert.java:89)\r\n\tat com.base2.utils.SeleniumUtils.esperarElementoVisivel(SeleniumUtils.java:30)\r\n\tat com.base2.page.VerTarefaPage.verificarComentarioExiste(VerTarefaPage.java:57)\r\n\tat stepDefinitions.EditarTarefaSteps.a_tarefa_salva_a_anotacao(EditarTarefaSteps.java:69)\r\n\tat ✽.a tarefa salva a anotacao \"Bug acontece todo santo dia\"(file:///C:/Users/paulo/OneDrive/Automation/ProvaBaseDois/prova/src/test/resources/features/EditarTarefa.feature:9)\r\n"},"stage":"finished","steps":[],"attachments":[],"parameters":[],"start":1720797778602,"stop":1720797788966}],"attachments":[],"parameters":[{"name":"comentario","value":"Bug acontece todo santo dia"}],"start":1720797754601,"stop":1720797789106}