{"uuid":"769bb754-aedc-4ff7-986f-eabfde500433","historyId":"2e7ca875e9bb5c58f98e074670af6e55","fullName":"CriarTarefa: Criar tarefa","labels":[{"name":"host","value":"DESKTOP-CP284FU"},{"name":"thread","value":"11976@DESKTOP-CP284FU.main(1)"},{"name":"feature","value":"CriarTarefa"},{"name":"story","value":"Criar tarefa"},{"name":"suite","value":"CriarTarefa"},{"name":"testClass","value":"Criar tarefa"},{"name":"framework","value":"cucumber4jvm"},{"name":"language","value":"java"},{"name":"gherkin_uri","value":"file:///C:/Users/paulo/OneDrive/Automation/ProvaBaseDois/prova/src/test/resources/features/CriarTarefa.feature"},{"name":"package","value":"src.test.resources.features.CriarTarefa_feature.CriarTarefa"}],"links":[],"name":"Criar tarefa","status":"failed","statusDetails":{"known":false,"muted":false,"flaky":false,"message":"Elemento não encontrado dentro do tempo esperado: By.cssSelector: [class='alert alert-success center'], erro: org.openqa.selenium.TimeoutException: Expected condition failed: waiting for visibility of element located by By.cssSelector: [class='alert alert-success center'] (tried for 10 second(s) with 500 milliseconds interval)\nBuild info: version: '4.16.0', revision: '15400459dd*'\nSystem info: os.name: 'Windows 11', os.arch: 'amd64', os.version: '10.0', java.version: '18.0.2'\nDriver info: org.openqa.selenium.chrome.ChromeDriver\nCapabilities {acceptInsecureCerts: false, browserName: chrome, browserVersion: 126.0.6478.127, chrome: {chromedriverVersion: 126.0.6478.126 (d36ace6122e..., userDataDir: C:\\Users\\paulo\\AppData\\Loca...}, fedcm:accounts: true, goog:chromeOptions: {debuggerAddress: localhost:51129}, networkConnectionEnabled: false, pageLoadStrategy: normal, platformName: windows, proxy: Proxy(), se:cdp: ws://localhost:51129/devtoo..., se:cdpVersion: 126.0.6478.127, setWindowRect: true, strictFileInteractability: false, timeouts: {implicit: 0, pageLoad: 300000, script: 30000}, unhandledPromptBehavior: dismiss and notify, webauthn:extension:credBlob: true, webauthn:extension:largeBlob: true, webauthn:extension:minPinLength: true, webauthn:extension:prf: true, webauthn:virtualAuthenticators: true}\nSession ID: 7eed8d7f29d2c10f9e3cd4fd1b4b8a07","trace":"java.lang.AssertionError: Elemento não encontrado dentro do tempo esperado: By.cssSelector: [class='alert alert-success center'], erro: org.openqa.selenium.TimeoutException: Expected condition failed: waiting for visibility of element located by By.cssSelector: [class='alert alert-success center'] (tried for 10 second(s) with 500 milliseconds interval)\nBuild info: version: '4.16.0', revision: '15400459dd*'\nSystem info: os.name: 'Windows 11', os.arch: 'amd64', os.version: '10.0', java.version: '18.0.2'\nDriver info: org.openqa.selenium.chrome.ChromeDriver\nCapabilities {acceptInsecureCerts: false, browserName: chrome, browserVersion: 126.0.6478.127, chrome: {chromedriverVersion: 126.0.6478.126 (d36ace6122e..., userDataDir: C:\\Users\\paulo\\AppData\\Loca...}, fedcm:accounts: true, goog:chromeOptions: {debuggerAddress: localhost:51129}, networkConnectionEnabled: false, pageLoadStrategy: normal, platformName: windows, proxy: Proxy(), se:cdp: ws://localhost:51129/devtoo..., se:cdpVersion: 126.0.6478.127, setWindowRect: true, strictFileInteractability: false, timeouts: {implicit: 0, pageLoad: 300000, script: 30000}, unhandledPromptBehavior: dismiss and notify, webauthn:extension:credBlob: true, webauthn:extension:largeBlob: true, webauthn:extension:minPinLength: true, webauthn:extension:prf: true, webauthn:virtualAuthenticators: true}\nSession ID: 7eed8d7f29d2c10f9e3cd4fd1b4b8a07\r\n\tat org.junit.Assert.fail(Assert.java:89)\r\n\tat com.base2.utils.SeleniumUtils.esperarElementoVisivel(SeleniumUtils.java:30)\r\n\tat com.base2.page.CriarTarefaPage.visualizarMensagemDeSucesso(CriarTarefaPage.java:163)\r\n\tat stepDefinitions.CriarTarefaStep.a_tarefa_sera_salva_na_tela_de_ver_tarefas(CriarTarefaStep.java:73)\r\n\tat ✽.a tarefa sera salva na tela de Ver Tarefas(file:///C:/Users/paulo/OneDrive/Automation/ProvaBaseDois/prova/src/test/resources/features/CriarTarefa.feature:7)\r\n"},"stage":"finished","steps":[{"name":"Given  que estou na tela principal","status":"passed","statusDetails":{"known":false,"muted":false,"flaky":false},"stage":"finished","steps":[],"attachments":[{"name":"Screenshot","source":"e0309542-f005-45f7-b9cc-dc7d8a7e2fa3-attachment"},{"name":"Page screenshot","source":"4e4900df-2661-4a73-8ddf-f59c6566b31e-attachment","type":"image/png"}],"parameters":[],"start":1720010246711,"stop":1720010248473},{"name":"When  clicar em Criar Tarefa","status":"passed","statusDetails":{"known":false,"muted":false,"flaky":false},"stage":"finished","steps":[],"attachments":[{"name":"Screenshot","source":"90ebe5f4-a8ab-4299-9acd-349420efca8b-attachment"},{"name":"Page screenshot","source":"be1cec61-3559-4e41-a0ce-9d0a28b5b597-attachment","type":"image/png"}],"parameters":[],"start":1720010248473,"stop":1720010253898},{"name":"And  preencher todos os campos","status":"passed","statusDetails":{"known":false,"muted":false,"flaky":false},"stage":"finished","steps":[],"attachments":[{"name":"Screenshot","source":"efed4118-14ea-4fa1-a69b-9fbdf915c5e6-attachment"},{"name":"Page screenshot","source":"7f8b08d9-eb1f-47b9-8fcd-41db013a602e-attachment","type":"image/png"}],"parameters":[],"start":1720010253899,"stop":1720010255925},{"name":"Then  a tarefa sera salva na tela de Ver Tarefas","status":"failed","statusDetails":{"known":false,"muted":false,"flaky":false,"message":"Elemento não encontrado dentro do tempo esperado: By.cssSelector: [class='alert alert-success center'], erro: org.openqa.selenium.TimeoutException: Expected condition failed: waiting for visibility of element located by By.cssSelector: [class='alert alert-success center'] (tried for 10 second(s) with 500 milliseconds interval)\nBuild info: version: '4.16.0', revision: '15400459dd*'\nSystem info: os.name: 'Windows 11', os.arch: 'amd64', os.version: '10.0', java.version: '18.0.2'\nDriver info: org.openqa.selenium.chrome.ChromeDriver\nCapabilities {acceptInsecureCerts: false, browserName: chrome, browserVersion: 126.0.6478.127, chrome: {chromedriverVersion: 126.0.6478.126 (d36ace6122e..., userDataDir: C:\\Users\\paulo\\AppData\\Loca...}, fedcm:accounts: true, goog:chromeOptions: {debuggerAddress: localhost:51129}, networkConnectionEnabled: false, pageLoadStrategy: normal, platformName: windows, proxy: Proxy(), se:cdp: ws://localhost:51129/devtoo..., se:cdpVersion: 126.0.6478.127, setWindowRect: true, strictFileInteractability: false, timeouts: {implicit: 0, pageLoad: 300000, script: 30000}, unhandledPromptBehavior: dismiss and notify, webauthn:extension:credBlob: true, webauthn:extension:largeBlob: true, webauthn:extension:minPinLength: true, webauthn:extension:prf: true, webauthn:virtualAuthenticators: true}\nSession ID: 7eed8d7f29d2c10f9e3cd4fd1b4b8a07","trace":"java.lang.AssertionError: Elemento não encontrado dentro do tempo esperado: By.cssSelector: [class='alert alert-success center'], erro: org.openqa.selenium.TimeoutException: Expected condition failed: waiting for visibility of element located by By.cssSelector: [class='alert alert-success center'] (tried for 10 second(s) with 500 milliseconds interval)\nBuild info: version: '4.16.0', revision: '15400459dd*'\nSystem info: os.name: 'Windows 11', os.arch: 'amd64', os.version: '10.0', java.version: '18.0.2'\nDriver info: org.openqa.selenium.chrome.ChromeDriver\nCapabilities {acceptInsecureCerts: false, browserName: chrome, browserVersion: 126.0.6478.127, chrome: {chromedriverVersion: 126.0.6478.126 (d36ace6122e..., userDataDir: C:\\Users\\paulo\\AppData\\Loca...}, fedcm:accounts: true, goog:chromeOptions: {debuggerAddress: localhost:51129}, networkConnectionEnabled: false, pageLoadStrategy: normal, platformName: windows, proxy: Proxy(), se:cdp: ws://localhost:51129/devtoo..., se:cdpVersion: 126.0.6478.127, setWindowRect: true, strictFileInteractability: false, timeouts: {implicit: 0, pageLoad: 300000, script: 30000}, unhandledPromptBehavior: dismiss and notify, webauthn:extension:credBlob: true, webauthn:extension:largeBlob: true, webauthn:extension:minPinLength: true, webauthn:extension:prf: true, webauthn:virtualAuthenticators: true}\nSession ID: 7eed8d7f29d2c10f9e3cd4fd1b4b8a07\r\n\tat org.junit.Assert.fail(Assert.java:89)\r\n\tat com.base2.utils.SeleniumUtils.esperarElementoVisivel(SeleniumUtils.java:30)\r\n\tat com.base2.page.CriarTarefaPage.visualizarMensagemDeSucesso(CriarTarefaPage.java:163)\r\n\tat stepDefinitions.CriarTarefaStep.a_tarefa_sera_salva_na_tela_de_ver_tarefas(CriarTarefaStep.java:73)\r\n\tat ✽.a tarefa sera salva na tela de Ver Tarefas(file:///C:/Users/paulo/OneDrive/Automation/ProvaBaseDois/prova/src/test/resources/features/CriarTarefa.feature:7)\r\n"},"stage":"finished","steps":[],"attachments":[],"parameters":[],"start":1720010255925,"stop":1720010266251}],"attachments":[],"parameters":[],"start":1720010242918,"stop":1720010266390}