{"uuid":"792fd6c9-f67b-4460-a220-86f254c94dc2","historyId":"2e7ca875e9bb5c58f98e074670af6e55","fullName":"CriarTarefa: Criar tarefa","labels":[{"name":"host","value":"DESKTOP-CP284FU"},{"name":"thread","value":"8036@DESKTOP-CP284FU.main(1)"},{"name":"feature","value":"CriarTarefa"},{"name":"story","value":"Criar tarefa"},{"name":"suite","value":"CriarTarefa"},{"name":"testClass","value":"Criar tarefa"},{"name":"framework","value":"cucumber4jvm"},{"name":"language","value":"java"},{"name":"gherkin_uri","value":"file:///C:/Users/paulo/OneDrive/Automation/ProvaBaseDois/prova/src/test/resources/features/CriarTarefa.feature"},{"name":"package","value":"src.test.resources.features.CriarTarefa_feature.CriarTarefa"}],"links":[],"name":"Criar tarefa","status":"failed","statusDetails":{"known":false,"muted":false,"flaky":false,"message":"Elemento não encontrado dentro do tempo esperado: By.cssSelector: [class='alert alert-success center'], erro: org.openqa.selenium.TimeoutException: Expected condition failed: waiting for visibility of element located by By.cssSelector: [class='alert alert-success center'] (tried for 10 second(s) with 500 milliseconds interval)\nBuild info: version: '4.16.0', revision: '15400459dd*'\nSystem info: os.name: 'Windows 11', os.arch: 'amd64', os.version: '10.0', java.version: '18.0.2'\nDriver info: org.openqa.selenium.chrome.ChromeDriver\nCapabilities {acceptInsecureCerts: false, browserName: chrome, browserVersion: 126.0.6478.127, chrome: {chromedriverVersion: 126.0.6478.126 (d36ace6122e..., userDataDir: C:\\Users\\paulo\\AppData\\Loca...}, fedcm:accounts: true, goog:chromeOptions: {debuggerAddress: localhost:54780}, networkConnectionEnabled: false, pageLoadStrategy: normal, platformName: windows, proxy: Proxy(), se:cdp: ws://localhost:54780/devtoo..., se:cdpVersion: 126.0.6478.127, setWindowRect: true, strictFileInteractability: false, timeouts: {implicit: 0, pageLoad: 300000, script: 30000}, unhandledPromptBehavior: dismiss and notify, webauthn:extension:credBlob: true, webauthn:extension:largeBlob: true, webauthn:extension:minPinLength: true, webauthn:extension:prf: true, webauthn:virtualAuthenticators: true}\nSession ID: 020f0ca5ec55fcc38a52cfd82e83964d","trace":"java.lang.AssertionError: Elemento não encontrado dentro do tempo esperado: By.cssSelector: [class='alert alert-success center'], erro: org.openqa.selenium.TimeoutException: Expected condition failed: waiting for visibility of element located by By.cssSelector: [class='alert alert-success center'] (tried for 10 second(s) with 500 milliseconds interval)\nBuild info: version: '4.16.0', revision: '15400459dd*'\nSystem info: os.name: 'Windows 11', os.arch: 'amd64', os.version: '10.0', java.version: '18.0.2'\nDriver info: org.openqa.selenium.chrome.ChromeDriver\nCapabilities {acceptInsecureCerts: false, browserName: chrome, browserVersion: 126.0.6478.127, chrome: {chromedriverVersion: 126.0.6478.126 (d36ace6122e..., userDataDir: C:\\Users\\paulo\\AppData\\Loca...}, fedcm:accounts: true, goog:chromeOptions: {debuggerAddress: localhost:54780}, networkConnectionEnabled: false, pageLoadStrategy: normal, platformName: windows, proxy: Proxy(), se:cdp: ws://localhost:54780/devtoo..., se:cdpVersion: 126.0.6478.127, setWindowRect: true, strictFileInteractability: false, timeouts: {implicit: 0, pageLoad: 300000, script: 30000}, unhandledPromptBehavior: dismiss and notify, webauthn:extension:credBlob: true, webauthn:extension:largeBlob: true, webauthn:extension:minPinLength: true, webauthn:extension:prf: true, webauthn:virtualAuthenticators: true}\nSession ID: 020f0ca5ec55fcc38a52cfd82e83964d\r\n\tat org.junit.Assert.fail(Assert.java:89)\r\n\tat com.base2.utils.SeleniumUtils.esperarElementoVisivel(SeleniumUtils.java:30)\r\n\tat com.base2.page.CriarTarefaPage.visualizarMensagemDeSucesso(CriarTarefaPage.java:160)\r\n\tat stepDefinitions.CriarTarefaStep.a_tarefa_sera_salva_na_tela_de_ver_tarefas(CriarTarefaStep.java:57)\r\n\tat ✽.a tarefa sera salva na tela de Ver Tarefas(file:///C:/Users/paulo/OneDrive/Automation/ProvaBaseDois/prova/src/test/resources/features/CriarTarefa.feature:7)\r\n"},"stage":"finished","steps":[{"name":"Given  que estou na tela principal","status":"passed","statusDetails":{"known":false,"muted":false,"flaky":false},"stage":"finished","steps":[],"attachments":[{"name":"Screenshot","source":"9dee715d-1c5a-4533-b1c5-3931ea64b6f3-attachment"}],"parameters":[],"start":1719630574439,"stop":1719630576515},{"name":"When  clicar em Criar Tarefa","status":"passed","statusDetails":{"known":false,"muted":false,"flaky":false},"stage":"finished","steps":[],"attachments":[{"name":"Screenshot","source":"05b6bde5-6df0-44f1-8fc7-ff07eb76a0f7-attachment"}],"parameters":[],"start":1719630576515,"stop":1719630582474},{"name":"And  preencher todos os campos","status":"passed","statusDetails":{"known":false,"muted":false,"flaky":false},"stage":"finished","steps":[],"attachments":[{"name":"Screenshot","source":"bd1dc3f4-749f-4398-8796-c742a8d10c36-attachment"}],"parameters":[],"start":1719630582474,"stop":1719630583721},{"name":"Then  a tarefa sera salva na tela de Ver Tarefas","status":"failed","statusDetails":{"known":false,"muted":false,"flaky":false,"message":"Elemento não encontrado dentro do tempo esperado: By.cssSelector: [class='alert alert-success center'], erro: org.openqa.selenium.TimeoutException: Expected condition failed: waiting for visibility of element located by By.cssSelector: [class='alert alert-success center'] (tried for 10 second(s) with 500 milliseconds interval)\nBuild info: version: '4.16.0', revision: '15400459dd*'\nSystem info: os.name: 'Windows 11', os.arch: 'amd64', os.version: '10.0', java.version: '18.0.2'\nDriver info: org.openqa.selenium.chrome.ChromeDriver\nCapabilities {acceptInsecureCerts: false, browserName: chrome, browserVersion: 126.0.6478.127, chrome: {chromedriverVersion: 126.0.6478.126 (d36ace6122e..., userDataDir: C:\\Users\\paulo\\AppData\\Loca...}, fedcm:accounts: true, goog:chromeOptions: {debuggerAddress: localhost:54780}, networkConnectionEnabled: false, pageLoadStrategy: normal, platformName: windows, proxy: Proxy(), se:cdp: ws://localhost:54780/devtoo..., se:cdpVersion: 126.0.6478.127, setWindowRect: true, strictFileInteractability: false, timeouts: {implicit: 0, pageLoad: 300000, script: 30000}, unhandledPromptBehavior: dismiss and notify, webauthn:extension:credBlob: true, webauthn:extension:largeBlob: true, webauthn:extension:minPinLength: true, webauthn:extension:prf: true, webauthn:virtualAuthenticators: true}\nSession ID: 020f0ca5ec55fcc38a52cfd82e83964d","trace":"java.lang.AssertionError: Elemento não encontrado dentro do tempo esperado: By.cssSelector: [class='alert alert-success center'], erro: org.openqa.selenium.TimeoutException: Expected condition failed: waiting for visibility of element located by By.cssSelector: [class='alert alert-success center'] (tried for 10 second(s) with 500 milliseconds interval)\nBuild info: version: '4.16.0', revision: '15400459dd*'\nSystem info: os.name: 'Windows 11', os.arch: 'amd64', os.version: '10.0', java.version: '18.0.2'\nDriver info: org.openqa.selenium.chrome.ChromeDriver\nCapabilities {acceptInsecureCerts: false, browserName: chrome, browserVersion: 126.0.6478.127, chrome: {chromedriverVersion: 126.0.6478.126 (d36ace6122e..., userDataDir: C:\\Users\\paulo\\AppData\\Loca...}, fedcm:accounts: true, goog:chromeOptions: {debuggerAddress: localhost:54780}, networkConnectionEnabled: false, pageLoadStrategy: normal, platformName: windows, proxy: Proxy(), se:cdp: ws://localhost:54780/devtoo..., se:cdpVersion: 126.0.6478.127, setWindowRect: true, strictFileInteractability: false, timeouts: {implicit: 0, pageLoad: 300000, script: 30000}, unhandledPromptBehavior: dismiss and notify, webauthn:extension:credBlob: true, webauthn:extension:largeBlob: true, webauthn:extension:minPinLength: true, webauthn:extension:prf: true, webauthn:virtualAuthenticators: true}\nSession ID: 020f0ca5ec55fcc38a52cfd82e83964d\r\n\tat org.junit.Assert.fail(Assert.java:89)\r\n\tat com.base2.utils.SeleniumUtils.esperarElementoVisivel(SeleniumUtils.java:30)\r\n\tat com.base2.page.CriarTarefaPage.visualizarMensagemDeSucesso(CriarTarefaPage.java:160)\r\n\tat stepDefinitions.CriarTarefaStep.a_tarefa_sera_salva_na_tela_de_ver_tarefas(CriarTarefaStep.java:57)\r\n\tat ✽.a tarefa sera salva na tela de Ver Tarefas(file:///C:/Users/paulo/OneDrive/Automation/ProvaBaseDois/prova/src/test/resources/features/CriarTarefa.feature:7)\r\n"},"stage":"finished","steps":[],"attachments":[],"parameters":[],"start":1719630583721,"stop":1719630593998}],"attachments":[],"parameters":[],"start":1719630568242,"stop":1719630594248}